<?xml version="1.0" encoding="UTF-8"?>
<!-- Generated by org.testng.reporters.JUnitReportReporter -->
<testsuite skipped="0" hostname="DESKTOP-8PT0GQC" name="org.dataProvider.dataProvider" tests="5" failures="0" timestamp="2023-06-09T16:43:00 IST" time="130.175" errors="0">
  <testcase name="tc01" time="32.255" classname="org.dataProvider.dataProvider"/>
  <system-out/>
  <testcase name="tc01" time="36.652" classname="org.dataProvider.dataProvider"/>
  <system-out/>
  <testcase name="tc03" time="0.028" classname="org.dataProvider.dataProvider"/>
  <system-out/>
  <testcase name="tc01" time="40.445" classname="org.dataProvider.dataProvider"/>
  <system-out/>
  <testcase name="tc01" time="20.795" classname="org.dataProvider.dataProvider"/>
  <system-out/>
</testsuite> <!-- org.dataProvider.dataProvider -->
