<?xml version="1.0" encoding="UTF-8"?>
<!-- Generated by org.testng.reporters.JUnitReportReporter -->
<testsuite skipped="0" hostname="DESKTOP-8PT0GQC" name="org.testNG08.ExclassTestNG" tests="5" failures="0" timestamp="2023-06-09T23:39:23 IST" time="22.075" errors="0">
  <testcase name="tc04" time="1.824" classname="org.testNG08.ExclassTestNG"/>
  <system-out/>
  <testcase name="tc03" time="2.019" classname="org.testNG08.ExclassTestNG"/>
  <system-out/>
  <testcase name="tc05" time="0.064" classname="org.testNG08.ExclassTestNG"/>
  <system-out/>
  <testcase name="tc01" time="15.895" classname="org.testNG08.ExclassTestNG"/>
  <system-out/>
  <testcase name="tc02" time="2.273" classname="org.testNG08.ExclassTestNG"/>
  <system-out/>
</testsuite> <!-- org.testNG08.ExclassTestNG -->
