<?xml version="1.0" encoding="UTF-8"?>
<!-- Generated by org.testng.reporters.JUnitReportReporter -->
<testsuite skipped="0" hostname="DESKTOP-8PT0GQC" name="org.testNG08.testNgBase" tests="14" failures="0" timestamp="2023-06-08T15:44:42 IST" time="0.065" errors="0">
  <testcase name="tc01" time="0.014" classname="org.testNG08.testNgBase"/>
  <system-out/>
  <testcase name="tc02" time="0.002" classname="org.testNG08.testNgBase"/>
  <system-out/>
  <testcase name="tc02" time="0.003" classname="org.testNG08.testNgBase"/>
  <system-out/>
  <testcase name="tc02" time="0.003" classname="org.testNG08.testNgBase"/>
  <system-out/>
  <testcase name="tc02" time="0.002" classname="org.testNG08.testNgBase"/>
  <system-out/>
  <testcase name="tc02" time="0.005" classname="org.testNG08.testNgBase"/>
  <system-out/>
  <testcase name="tc02" time="0.003" classname="org.testNG08.testNgBase"/>
  <system-out/>
  <testcase name="tc02" time="0.005" classname="org.testNG08.testNgBase"/>
  <system-out/>
  <testcase name="tc02" time="0.002" classname="org.testNG08.testNgBase"/>
  <system-out/>
  <testcase name="tc02" time="0.003" classname="org.testNG08.testNgBase"/>
  <system-out/>
  <testcase name="tc02" time="0.002" classname="org.testNG08.testNgBase"/>
  <system-out/>
  <testcase name="tc04" time="0.003" classname="org.testNG08.testNgBase"/>
  <system-out/>
  <testcase name="tc03" time="0.013" classname="org.testNG08.testNgBase"/>
  <system-out/>
  <testcase name="tc05" time="0.005" classname="org.testNG08.testNgBase"/>
  <system-out/>
</testsuite> <!-- org.testNG08.testNgBase -->
