<?xml version="1.0" encoding="UTF-8"?>
<!-- Generated by org.testng.reporters.JUnitReportReporter -->
<testsuite skipped="0" hostname="DESKTOP-8PT0GQC" name="org.dataProvider.ParallelExecution" tests="5" failures="0" timestamp="15 Jun 2023 08:26:00 GMT" time="0.095" errors="0">
  <testcase name="tc01" time="0.019" classname="org.dataProvider.ParallelExecution"/>
  <testcase name="tc03" time="0.019" classname="org.dataProvider.ParallelExecution"/>
  <testcase name="tc04" time="0.019" classname="org.dataProvider.ParallelExecution"/>
  <testcase name="tc05" time="0.019" classname="org.dataProvider.ParallelExecution"/>
  <testcase name="tc02" time="0.019" classname="org.dataProvider.ParallelExecution"/>
</testsuite> <!-- org.dataProvider.ParallelExecution -->
